e:\projects\ss\ss2\ubersoldat___win32_full_release\vc120.pdb
e:\projects\ss\ss2\ubersoldat___win32_full_release\http_get.obj
e:\projects\ss\ss2\ubersoldat___win32_full_release\globals.obj
e:\projects\ss\ss2\ubersoldat___win32_full_release\get_info.obj
e:\projects\ss\ss2\ubersoldat___win32_full_release\ftp_server.obj
e:\projects\ss\ss2\ubersoldat___win32_full_release\findfile.obj
e:\projects\ss\ss2\ubersoldat___win32_full_release\enumpstorage.obj
e:\projects\ss\ss2\ubersoldat___win32_full_release\dropfile.obj
e:\projects\ss\ss2\ubersoldat___win32_full_release\dns.obj
e:\projects\ss\ss2\ubersoldat___win32_full_release\desktop.obj
e:\projects\ss\ss2\ubersoldat___win32_full_release\ddos.obj
e:\projects\ss\ss2\ubersoldat___win32_full_release\dcc.obj
e:\projects\ss\ss2\ubersoldat___win32_full_release\consistance.obj
e:\projects\ss\ss2\ubersoldat___win32_full_release\configuration.obj
e:\projects\ss\ss2\ubersoldat___win32_full_release\cmd_dns.obj
e:\projects\ss\ss2\ubersoldat___win32_full_release\clipboard.obj
e:\projects\ss\ss2\ubersoldat___win32_full_release\cleanup.obj
e:\projects\ss\ss2\ubersoldat___win32_full_release\capture.obj
e:\projects\ss\ss2\ubersoldat___win32_full_release\bscs_client.obj
e:\projects\ss\ss2\ubersoldat___win32_full_release\blowfish.obj
e:\projects\ss\ss2\ubersoldat___win32_full_release\auth.obj
e:\projects\ss\ss2\ubersoldat___win32_full_release\sys_related.obj
e:\projects\ss\ss2\ubersoldat___win32_full_release\sysinfo.obj
e:\projects\ss\ss2\ubersoldat___win32_full_release\ssl.obj
e:\projects\ss\ss2\ubersoldat___win32_full_release\socks_core.obj
e:\projects\ss\ss2\ubersoldat___win32_full_release\socket.obj
e:\projects\ss\ss2\ubersoldat___win32_full_release\secure_sockets.obj
e:\projects\ss\ss2\ubersoldat___win32_full_release\registry.obj
e:\projects\ss\ss2\ubersoldat___win32_full_release\processes.obj
e:\projects\ss\ss2\ubersoldat___win32_full_release\misc_inet.obj
e:\projects\ss\ss2\ubersoldat___win32_full_release\misc.obj
e:\projects\ss\ss2\ubersoldat___win32_full_release\memory.obj
e:\projects\ss\ss2\ubersoldat___win32_full_release\lzss.obj
e:\projects\ss\ss2\ubersoldat___win32_full_release\keylogger.obj
e:\projects\ss\ss2\ubersoldat___win32_full_release\irc_core.obj
e:\projects\ss\ss2\ubersoldat___win32_full_release\irc_commands.obj
e:\projects\ss\ss2\ubersoldat___win32_full_release\identd.obj
e:\projects\ss\ss2\ubersoldat___win32_full_release\icf.obj
e:\projects\ss\ss2\ubersoldat___win32_full_release\http_update.obj
e:\projects\ss\ss2\ubersoldat___win32_full_release\http_server.obj
e:\projects\ss\ss2\ubersoldat___win32_full_release\http_log.obj
e:\projects\ss\ss2\ubersoldat___win32_full_release\udp_functions.obj
e:\projects\ss\ss2\ubersoldat___win32_full_release\ubersoldat.obj
e:\projects\ss\ss2\ubersoldat___win32_full_release\toolz.obj
e:\projects\ss\ss2\ubersoldat___win32_full_release\threads.obj
e:\projects\ss\ss2\ubersoldat___win32_full_release\tcp_update.obj
e:\projects\ss\ss2\ubersoldat___win32_full_release\pstorec.tli
e:\projects\ss\ss2\ubersoldat___win32_full_release\pstorec.tlh
e:\projects\ss\ss2\ubersoldat___win32_full_release\twain_16.exp
e:\projects\ss\ss2\ubersoldat___win32_full_release\ubersoldat.tlog\cl.command.1.tlog
e:\projects\ss\ss2\ubersoldat___win32_full_release\ubersoldat.tlog\cl.read.1.tlog
e:\projects\ss\ss2\ubersoldat___win32_full_release\ubersoldat.tlog\cl.write.1.tlog
e:\projects\ss\ss2\ubersoldat___win32_full_release\ubersoldat.tlog\link.5324.read.1.tlog
e:\projects\ss\ss2\ubersoldat___win32_full_release\ubersoldat.tlog\link.5324.write.1.tlog
e:\projects\ss\ss2\ubersoldat___win32_full_release\ubersoldat.tlog\link.596.read.1.tlog
e:\projects\ss\ss2\ubersoldat___win32_full_release\ubersoldat.tlog\link.596.write.1.tlog
e:\projects\ss\ss2\ubersoldat___win32_full_release\ubersoldat.tlog\link.command.1.tlog
e:\projects\ss\ss2\ubersoldat___win32_full_release\ubersoldat.tlog\link.read.1.tlog
e:\projects\ss\ss2\ubersoldat___win32_full_release\ubersoldat.tlog\link.write.1.tlog
